Exception at PC 0x00007FFCAB50E132
Attemped to write at address 0x00007FFCED384AA4
Printing stacktrace...

[0]  [0x00007FFCAB50E132]
[1]  [0x00007FFCAB50E132]
[2]  [0x00007FFCAB50E194]
[3]  [0x00007FFCAB15D0D7]
[4]  [0x00007FFCAB042BCA]
[5]  [0x00007FFCAB042FD1]
[6]  [0x00007FFCAB50EB2F]
[7]  [0x00007FFCAB3CC19D]
[8]  [0x00007FFCAB3C5942]
[9]  [0x00007FFCAB3C5AB5]
[10] (RtlActivateActivationContextUnsafeFast+0x121) [0x00007FFD4C865021]
[11] (LdrShutdownProcess+0x132) [0x00007FFD4C8AB102]
[12] (RtlExitUserProcess+0xad) [0x00007FFD4C8AAFAD]
[13] (ExitProcess+0xa) [0x00007FFD4BE5CDDA]
[14] (exit+0x85) [0x00007FFD4C6CA245]
[15] (initterm_e+0x245) [0x00007FFD4C6CA8B5]
[16]  [0x00000000004014CD]
[17]  [0x000000000040151B]
[18] (BaseThreadInitThunk+0x14) [0x00007FFD4BE57C24]
[19] (RtlUserThreadStart+0x21) [0x00007FFD4C8AD4D1]
Done
